{"level":"info","message":"Get all a users todos"}
{"level":"info","message":"Get all a users todos"}
{"level":"info","message":"Get all a users todos"}
{"level":"info","message":"Get all a users todos"}
{"level":"info","message":"Create Todo"}
{"level":"info","message":"Get all a users todos"}
{"level":"info","message":"Get all a users todos"}
{"level":"info","message":"Get all a users todos"}
{"level":"info","message":"Loading Mongoose functionality"}
{"level":"info","message":"Starting application"}
{"level":"info","message":"Mongoose connected to the database"}
{"level":"info","message":"Get all a users todos"}
{"level":"info","message":"Get all a users todos"}
{"level":"info","message":"Get todo %s"}
{"level":"info","message":"Get all a users todos"}
{"level":"info","message":"Get all a users todos"}
{"level":"info","message":"Get todo %s"}
{"level":"info","message":"Get all a users todos"}
{"level":"info","message":"Get all a users todos"}
{"level":"info","message":"Create Todo"}
{"level":"info","message":"Get all a users todos"}
{"level":"info","message":"Create Todo"}
{"level":"info","message":"Get all a users todos"}
{"level":"info","message":"Get all a users todos"}
{"level":"info","message":"Delete todo %s"}
{"level":"info","message":"Get all a users todos"}
{"level":"info","message":"Delete todo %s"}
{"level":"info","message":"Get all a users todos"}
{"level":"info","message":"Get all a users todos"}
{"level":"info","message":"Create Todo"}
{"level":"info","message":"Get all a users todos"}
{"level":"info","message":"Create Todo"}
{"level":"info","message":"Get all a users todos"}
{"level":"info","message":"Get all a users todos"}
{"level":"info","message":"Delete todo %s"}
{"level":"info","message":"Get all a users todos"}
{"level":"info","message":"Delete todo %s"}
{"level":"info","message":"Get all a users todos"}
{"level":"info","message":"Get all a users todos"}
