{"level":"info","message":"Loading Mongoose functionality"}
{"level":"info","message":"Starting application"}
{"level":"info","message":"Mongoose connected to the database"}
{"level":"info","message":"Create User"}
{"level":"info","message":"Loading Mongoose functionality"}
{"level":"info","message":"Starting application"}
{"level":"info","message":"Mongoose connected to the database"}
{"level":"info","message":"Loading Mongoose functionality"}
{"level":"info","message":"Starting application"}
{"level":"info","message":"Mongoose connected to the database"}
{"level":"info","message":"Loading Mongoose functionality"}
{"level":"info","message":"Starting application"}
{"level":"info","message":"Mongoose connected to the database"}
{"level":"info","message":"Loading Mongoose functionality"}
{"level":"info","message":"Starting application"}
{"level":"info","message":"Mongoose connected to the database"}
{"level":"info","message":"Update user 5df2b1f429007e1454cb59d9"}
{"level":"info","message":"Update user 5df2b1f429007e1454cb59d9"}
{"level":"info","message":"Update user 5df2b1f429007e1454cb59d9"}
{"level":"info","message":"Loading Mongoose functionality"}
{"level":"info","message":"Starting application"}
{"level":"info","message":"Mongoose connected to the database"}
{"level":"info","message":"Loading Mongoose functionality"}
{"level":"info","message":"Starting application"}
{"level":"info","message":"Mongoose connected to the database"}
{"level":"info","message":"Loading Mongoose functionality"}
{"level":"info","message":"Starting application"}
{"level":"info","message":"Mongoose connected to the database"}
{"level":"info","message":"Loading Mongoose functionality"}
{"level":"info","message":"Starting application"}
{"level":"info","message":"Mongoose connected to the database"}
{"level":"info","message":"Loading Mongoose functionality"}
{"level":"info","message":"Starting application"}
{"level":"info","message":"Mongoose connected to the database"}
{"level":"info","message":"Loading Mongoose functionality"}
{"level":"info","message":"Starting application"}
{"level":"info","message":"Mongoose connected to the database"}
{"level":"info","message":"Loading Mongoose functionality"}
{"level":"info","message":"Starting application"}
{"level":"info","message":"Mongoose connected to the database"}
{"level":"info","message":"Loading Mongoose functionality"}
{"level":"info","message":"Starting application"}
{"level":"info","message":"Mongoose connected to the database"}
{"level":"info","message":"Loading Mongoose functionality"}
{"level":"info","message":"Starting application"}
{"level":"info","message":"Mongoose connected to the database"}
{"level":"info","message":"Loading Mongoose functionality"}
{"level":"info","message":"Starting application"}
{"level":"info","message":"Mongoose connected to the database"}
{"level":"info","message":"Loading Mongoose functionality"}
{"level":"info","message":"Starting application"}
{"level":"info","message":"Mongoose connected to the database"}
{"level":"info","message":"Loading Mongoose functionality"}
{"level":"info","message":"Starting application"}
{"level":"info","message":"Mongoose connected to the database"}
{"level":"info","message":"Loading Mongoose functionality"}
{"level":"info","message":"Starting application"}
{"level":"info","message":"Mongoose connected to the database"}
{"level":"info","message":"Loading Mongoose functionality"}
{"level":"info","message":"Starting application"}
{"level":"info","message":"Mongoose connected to the database"}
{"level":"info","message":"Loading Mongoose functionality"}
{"level":"info","message":"Starting application"}
{"level":"info","message":"Mongoose connected to the database"}
{"level":"info","message":"Loading Mongoose functionality"}
{"level":"info","message":"Starting application"}
{"level":"info","message":"Mongoose connected to the database"}
{"level":"info","message":"Loading Mongoose functionality"}
{"level":"info","message":"Starting application"}
{"level":"info","message":"Mongoose connected to the database"}
{"level":"info","message":"Loading Mongoose functionality"}
{"level":"info","message":"Starting application"}
{"level":"info","message":"Mongoose connected to the database"}
