{"level":"info","message":"Get Widget %s"}
{"level":"info","message":"Get all Widgets"}
{"level":"info","message":"Get all Widgets"}
{"level":"info","message":"Get all Widgets"}
{"level":"info","message":"Get Widget %s"}
{"level":"info","message":"Get Widget %s"}
{"level":"info","message":"Get Widget %s"}
{"level":"info","message":"Get Widget %s"}
{"level":"info","message":"Get Widget %s"}
{"level":"info","message":"Get Widget %s"}
{"level":"info","message":"Get Widget %s"}
{"level":"info","message":"Delete Widget undefined"}
{"level":"info","message":"Get all Widgets"}
{"level":"info","message":"Delete Widget undefined"}
{"level":"info","message":"Get all Widgets"}
{"level":"info","message":"Get all Widgets"}
{"level":"info","message":"Get all Widgets"}
{"level":"info","message":"Get all Widgets"}
{"level":"info","message":"Get all Widgets"}
{"level":"info","message":"Delete Widget undefined"}
{"level":"info","message":"Get all Widgets"}
{"level":"info","message":"Delete Widget undefined"}
{"level":"info","message":"Get all Widgets"}
{"level":"info","message":"Get all Widgets"}
{"level":"info","message":"Delete Widget undefined"}
{"level":"info","message":"Get all Widgets"}
{"level":"info","message":"Delete Widget undefined"}
{"level":"info","message":"Get all Widgets"}
{"level":"info","message":"Delete Widget undefined"}
{"level":"info","message":"Get all Widgets"}
{"level":"info","message":"Delete Widget undefined"}
{"level":"info","message":"Get all Widgets"}
{"level":"info","message":"Get all Widgets"}
{"level":"info","message":"Get all Widgets"}
{"level":"info","message":"Delete Widget undefined"}
{"level":"info","message":"Get all Widgets"}
{"level":"info","message":"Delete Widget undefined"}
{"level":"info","message":"Get all Widgets"}
{"level":"info","message":"Get all Widgets"}
{"level":"info","message":"Delete Widget undefined"}
{"level":"info","message":"Get all Widgets"}
{"level":"info","message":"Delete Widget undefined"}
{"level":"info","message":"Get all Widgets"}
{"level":"info","message":"Get all Widgets"}
{"level":"info","message":"Delete Widget undefined"}
{"level":"info","message":"Get all Widgets"}
{"level":"info","message":"Get all Widgets"}
{"level":"info","message":"Delete Widget undefined"}
{"level":"info","message":"Get all Widgets"}
{"level":"info","message":"Delete Widget undefined"}
{"level":"info","message":"Get all Widgets"}
{"level":"info","message":"Get all Widgets"}
{"level":"info","message":"Get all Widgets"}
{"level":"info","message":"Delete Widget Hmmm"}
{"level":"info","message":"Get all Widgets"}
{"level":"info","message":"Get all Widgets"}
{"level":"info","message":"Delete Widget 5deef9f0362b591d887b0c14"}
{"level":"info","message":"Get all Widgets"}
{"level":"info","message":"Delete Widget 5deef98473dbc81b6a6d907f"}
{"level":"info","message":"Get all Widgets"}
{"level":"info","message":"Delete Widget 5deeea5653028058ad2677fb"}
{"level":"info","message":"Get all Widgets"}
{"level":"info","message":"Get all Widgets"}
{"level":"info","message":"Get all Widgets"}
{"level":"info","message":"Get all Widgets"}
{"level":"info","message":"Get all Widgets"}
{"level":"info","message":"Create Widget"}
{"level":"info","message":"Create Widget"}
{"level":"info","message":"Get Widget %s"}
{"level":"info","message":"Create Widget"}
{"level":"info","message":"Get Widget %s"}
{"level":"info","message":"Create Widget"}
{"level":"info","message":"Get all Widgets"}
{"level":"info","message":"Get all Widgets"}
{"level":"info","message":"Create Widget"}
{"level":"info","message":"Create Widget"}
{"level":"info","message":"Create Widget"}
{"level":"info","message":"Create Widget"}
{"level":"info","message":"Get all Widgets"}
{"level":"info","message":"Get all Widgets"}
{"level":"info","message":"Delete Widget 5deef81573dbc81b6a6d907d"}
{"level":"info","message":"Get all Widgets"}
{"level":"info","message":"Delete Widget 5deef9aa362b591d887b0c13"}
{"level":"info","message":"Get all Widgets"}
{"level":"info","message":"Delete Widget 5def003c362b591d887b0c15"}
{"level":"info","message":"Get all Widgets"}
{"level":"info","message":"Delete Widget 5deef8d273dbc81b6a6d907e"}
{"level":"info","message":"Get all Widgets"}
{"level":"info","message":"Delete Widget 5def003f362b591d887b0c16"}
{"level":"info","message":"Get all Widgets"}
{"level":"info","message":"Delete Widget 5def0044362b591d887b0c17"}
{"level":"info","message":"Get all Widgets"}
{"level":"info","message":"Delete Widget 5def004a362b591d887b0c18"}
{"level":"info","message":"Get all Widgets"}
{"level":"info","message":"Delete Widget 5def00ae362b591d887b0c1a"}
{"level":"info","message":"Get all Widgets"}
{"level":"info","message":"Delete Widget 5def00b1362b591d887b0c1b"}
{"level":"info","message":"Get all Widgets"}
{"level":"info","message":"Delete Widget 5def00b6362b591d887b0c1c"}
{"level":"info","message":"Get all Widgets"}
{"level":"info","message":"Delete Widget 5def00aa362b591d887b0c19"}
{"level":"info","message":"Get all Widgets"}
{"level":"info","message":"Create Widget"}
{"level":"info","message":"Get all Widgets"}
{"level":"info","message":"Get all Widgets"}
{"level":"info","message":"Get all Widgets"}
{"level":"info","message":"Get all Widgets"}
{"level":"info","message":"Create Widget"}
{"level":"info","message":"Create Widget"}
{"level":"info","message":"Get all Widgets"}
{"level":"info","message":"Create Widget"}
{"level":"info","message":"Get all Widgets"}
{"level":"info","message":"Get all Widgets"}
{"level":"info","message":"Get all Widgets"}
{"level":"info","message":"Create Widget"}
{"level":"info","message":"Create Widget"}
{"level":"info","message":"Get all Widgets"}
{"level":"info","message":"Create Widget"}
{"level":"info","message":"Get all Widgets"}
{"level":"info","message":"Create Widget"}
{"level":"info","message":"Get all Widgets"}
{"level":"info","message":"Create Widget"}
{"level":"info","message":"Get all Widgets"}
{"level":"info","message":"Create Widget"}
{"level":"info","message":"Get all Widgets"}
{"level":"info","message":"Get all Widgets"}
{"level":"info","message":"Create Widget"}
{"level":"info","message":"Get all Widgets"}
{"level":"info","message":"Get all Widgets"}
{"level":"info","message":"Get all Widgets"}
{"level":"info","message":"Create Widget"}
{"level":"info","message":"Get all Widgets"}
{"level":"info","message":"Get all Widgets"}
{"level":"info","message":"Get all Widgets"}
{"level":"info","message":"Create Widget"}
{"level":"info","message":"Get all Widgets"}
{"level":"info","message":"Delete Widget undefined"}
{"level":"info","message":"Get all Widgets"}
{"level":"info","message":"Delete Widget undefined"}
{"level":"info","message":"Get all Widgets"}
{"level":"info","message":"Get all Widgets"}
{"level":"info","message":"Get all Widgets"}
{"level":"info","message":"Delete Widget undefined"}
{"level":"info","message":"Get all Widgets"}
{"level":"info","message":"Delete Widget undefined"}
{"level":"info","message":"Get all Widgets"}
{"level":"info","message":"Delete Widget undefined"}
{"level":"info","message":"Get all Widgets"}
{"level":"info","message":"Delete Widget undefined"}
{"level":"info","message":"Get all Widgets"}
{"level":"info","message":"Delete Widget undefined"}
{"level":"info","message":"Get all Widgets"}
{"level":"info","message":"Delete Widget undefined"}
{"level":"info","message":"Get all Widgets"}
{"level":"info","message":"Delete Widget undefined"}
{"level":"info","message":"Get all Widgets"}
{"level":"info","message":"Delete Widget undefined"}
{"level":"info","message":"Get all Widgets"}
{"level":"info","message":"Delete Widget undefined"}
{"level":"info","message":"Get all Widgets"}
{"level":"info","message":"Get all Widgets"}
{"level":"info","message":"Get all Widgets"}
{"level":"info","message":"Delete Widget 5def027f362b591d887b0c27"}
{"level":"info","message":"Get all Widgets"}
{"level":"info","message":"Delete Widget 5def0275362b591d887b0c26"}
{"level":"info","message":"Get all Widgets"}
{"level":"info","message":"Delete Widget 5def026e362b591d887b0c25"}
{"level":"info","message":"Get all Widgets"}
{"level":"info","message":"Delete Widget 5def025c362b591d887b0c24"}
{"level":"info","message":"Get all Widgets"}
{"level":"info","message":"Delete Widget 5def024f362b591d887b0c23"}
{"level":"info","message":"Get all Widgets"}
{"level":"info","message":"Delete Widget 5def0236362b591d887b0c22"}
{"level":"info","message":"Get all Widgets"}
{"level":"info","message":"Delete Widget 5def02e8362b591d887b0c29"}
{"level":"info","message":"Get all Widgets"}
{"level":"info","message":"Get all Widgets"}
{"level":"info","message":"Delete Widget 5def029c362b591d887b0c28"}
{"level":"info","message":"Delete Widget 5def0230362b591d887b0c21"}
{"level":"info","message":"Delete Widget 5def0163362b591d887b0c20"}
{"level":"info","message":"Get all Widgets"}
{"level":"info","message":"Get all Widgets"}
{"level":"info","message":"Create Widget"}
{"level":"info","message":"Get all Widgets"}
{"level":"info","message":"Get all Widgets"}
{"level":"info","message":"Create Widget"}
{"level":"info","message":"Get all Widgets"}
{"level":"info","message":"Get all Widgets"}
{"level":"info","message":"Delete Widget 5def0103362b591d887b0c1d"}
{"level":"info","message":"Get all Widgets"}
{"level":"info","message":"Delete Widget 5def0139362b591d887b0c1e"}
{"level":"info","message":"Get all Widgets"}
{"level":"info","message":"Delete Widget 5def013c362b591d887b0c1f"}
{"level":"info","message":"Get all Widgets"}
{"level":"info","message":"Delete Widget 5def034f362b591d887b0c2a"}
{"level":"info","message":"Get all Widgets"}
{"level":"info","message":"Get all Widgets"}
{"level":"info","message":"Get all Widgets"}
{"level":"info","message":"Get all Widgets"}
{"level":"info","message":"Get all Widgets"}
{"level":"info","message":"Get all Widgets"}
{"level":"info","message":"Get all Widgets"}
{"level":"info","message":"Get all Widgets"}
{"level":"info","message":"Get all Widgets"}
{"level":"info","message":"Get all Widgets"}
{"level":"info","message":"Get all Widgets"}
{"level":"info","message":"Get all Widgets"}
{"level":"info","message":"Get all Widgets"}
{"level":"info","message":"Get all Widgets"}
{"level":"info","message":"Get all Widgets"}
{"level":"info","message":"Loading Mongoose functionality"}
{"level":"info","message":"Server starting"}
{"level":"info","message":"Mongoose connected to the database"}
{"level":"info","message":"Get all Widgets"}
