{"level":"info","message":"Loading Mongoose functionality"}
{"level":"info","message":"Server starting"}
{"level":"info","message":"Mongoose connected to the database"}
{"level":"info","message":"Get all Widgets"}
{"level":"info","message":"Create Widget"}
{"level":"info","message":"Get all Widgets"}
{"level":"info","message":"Create Widget"}
{"level":"info","message":"Create Widget"}
{"level":"info","message":"Create Widget"}
{"level":"info","message":"Get all Widgets"}
{"level":"info","message":"Get all Widgets"}
{"level":"info","message":"Get all Widgets"}
{"level":"info","message":"Delete Widget 5def0389362b591d887b0c2b"}
{"level":"info","message":"Get all Widgets"}
{"level":"info","message":"Delete Widget 5def0389362b591d887b0c2b"}
{"level":"info","message":"Delete Widget 5def0389362b591d887b0c2b"}
{"level":"info","message":"Delete Widget 5def0389362b591d887b0c2b"}
{"level":"info","message":"Get all Widgets"}
{"level":"info","message":"Get all Widgets"}
{"level":"info","message":"Get all Widgets"}
{"level":"info","message":"Get all Widgets"}
{"level":"info","message":"Delete Widget 5def0b1a41267f3d325ea734"}
{"level":"info","message":"Get all Widgets"}
{"level":"info","message":"Delete Widget 5def0b1a41267f3d325ea734"}
{"level":"info","message":"Delete Widget 5def0b1a41267f3d325ea734"}
{"level":"info","message":"Delete Widget 5def0b1a41267f3d325ea734"}
{"level":"info","message":"Get all Widgets"}
{"level":"info","message":"Get all Widgets"}
{"level":"info","message":"Get all Widgets"}
{"level":"info","message":"Delete Widget 5def0b1a41267f3d325ea735"}
{"level":"info","message":"Get all Widgets"}
{"level":"info","message":"Delete Widget 5def0b1a41267f3d325ea736"}
{"level":"info","message":"Get all Widgets"}
{"level":"info","message":"Delete Widget 5def0b1a41267f3d325ea735"}
{"level":"info","message":"Delete Widget 5def0b1a41267f3d325ea735"}
{"level":"info","message":"Delete Widget 5def0b1a41267f3d325ea735"}
{"level":"info","message":"Delete Widget 5def0b1a41267f3d325ea735"}
{"level":"info","message":"Delete Widget 5def0b1a41267f3d325ea735"}
{"level":"info","message":"Delete Widget 5def0b1a41267f3d325ea735"}
{"level":"info","message":"Get all Widgets"}
{"level":"info","message":"Get all Widgets"}
{"level":"info","message":"Get all Widgets"}
{"level":"info","message":"Get all Widgets"}
{"level":"info","message":"Get all Widgets"}
{"level":"info","message":"Get all Widgets"}
{"level":"info","message":"Get all Widgets"}
{"level":"info","message":"Delete Widget 5def0b1a41267f3d325ea733"}
{"level":"info","message":"Get all Widgets"}
{"level":"info","message":"Delete Widget 5def0b1a41267f3d325ea733"}
{"level":"info","message":"Delete Widget 5def0b1a41267f3d325ea733"}
{"level":"info","message":"Delete Widget 5def0b1a41267f3d325ea733"}
{"level":"info","message":"Get all Widgets"}
{"level":"info","message":"Get all Widgets"}
{"level":"info","message":"Get all Widgets"}
{"level":"info","message":"Create Widget"}
{"level":"info","message":"Get all Widgets"}
{"level":"info","message":"Create Widget"}
{"level":"info","message":"Create Widget"}
{"level":"info","message":"Create Widget"}
{"level":"info","message":"Get all Widgets"}
{"level":"info","message":"Get all Widgets"}
{"level":"info","message":"Get all Widgets"}
{"level":"info","message":"Delete Widget 5deee68753028058ad2677fa"}
{"level":"info","message":"Get all Widgets"}
{"level":"info","message":"Delete Widget 5deee68753028058ad2677fa"}
{"level":"info","message":"Delete Widget 5deee68753028058ad2677fa"}
{"level":"info","message":"Delete Widget 5deee68753028058ad2677fa"}
{"level":"info","message":"Get all Widgets"}
{"level":"info","message":"Get all Widgets"}
{"level":"info","message":"Get all Widgets"}
{"level":"info","message":"Get all Widgets"}
{"level":"info","message":"Delete Widget 5def0b3041267f3d325ea738"}
{"level":"info","message":"Get all Widgets"}
{"level":"info","message":"Delete Widget 5def0b3041267f3d325ea738"}
{"level":"info","message":"Delete Widget 5def0b3041267f3d325ea738"}
{"level":"info","message":"Delete Widget 5def0b3041267f3d325ea738"}
{"level":"info","message":"Get all Widgets"}
{"level":"info","message":"Get all Widgets"}
{"level":"info","message":"Get all Widgets"}
{"level":"info","message":"Delete Widget 5def0b3041267f3d325ea739"}
{"level":"info","message":"Get all Widgets"}
{"level":"info","message":"Delete Widget 5def0b3041267f3d325ea739"}
{"level":"info","message":"Delete Widget 5def0b3041267f3d325ea739"}
{"level":"info","message":"Delete Widget 5def0b3041267f3d325ea739"}
{"level":"info","message":"Get all Widgets"}
{"level":"info","message":"Get all Widgets"}
{"level":"info","message":"Get all Widgets"}
{"level":"info","message":"Delete Widget 5def0b3041267f3d325ea73a"}
{"level":"info","message":"Get all Widgets"}
{"level":"info","message":"Delete Widget 5def0b3041267f3d325ea73a"}
{"level":"info","message":"Delete Widget 5def0b3041267f3d325ea73a"}
{"level":"info","message":"Delete Widget 5def0b3041267f3d325ea73a"}
{"level":"info","message":"Get all Widgets"}
{"level":"info","message":"Get all Widgets"}
{"level":"info","message":"Get all Widgets"}
{"level":"info","message":"Get all Widgets"}
{"level":"info","message":"Create Widget"}
{"level":"info","message":"Get all Widgets"}
{"level":"info","message":"Create Widget"}
{"level":"info","message":"Create Widget"}
{"level":"info","message":"Create Widget"}
{"level":"info","message":"Get all Widgets"}
{"level":"info","message":"Get all Widgets"}
{"level":"info","message":"Get all Widgets"}
{"level":"info","message":"Delete Widget 5def0b4141267f3d325ea73b"}
{"level":"info","message":"Get all Widgets"}
{"level":"info","message":"Delete Widget 5def0b4141267f3d325ea73b"}
{"level":"info","message":"Delete Widget 5def0b4141267f3d325ea73b"}
{"level":"info","message":"Delete Widget 5def0b4141267f3d325ea73b"}
{"level":"info","message":"Get all Widgets"}
{"level":"info","message":"Get all Widgets"}
{"level":"info","message":"Get all Widgets"}
{"level":"info","message":"Get all Widgets"}
{"level":"info","message":"Delete Widget 5def0b4141267f3d325ea73c"}
{"level":"info","message":"Get all Widgets"}
{"level":"info","message":"Delete Widget 5def0b4141267f3d325ea73c"}
{"level":"info","message":"Delete Widget 5def0b4141267f3d325ea73c"}
{"level":"info","message":"Delete Widget 5def0b4141267f3d325ea73c"}
{"level":"info","message":"Get all Widgets"}
{"level":"info","message":"Get all Widgets"}
{"level":"info","message":"Get all Widgets"}
{"level":"info","message":"Delete Widget 5def0b4141267f3d325ea73d"}
{"level":"info","message":"Get all Widgets"}
{"level":"info","message":"Delete Widget 5def0b4141267f3d325ea73e"}
{"level":"info","message":"Get all Widgets"}
{"level":"info","message":"Delete Widget 5def0b4141267f3d325ea73d"}
{"level":"info","message":"Delete Widget 5def0b4141267f3d325ea73d"}
{"level":"info","message":"Delete Widget 5def0b4141267f3d325ea73d"}
{"level":"info","message":"Delete Widget 5def0b4141267f3d325ea73d"}
{"level":"info","message":"Delete Widget 5def0b4141267f3d325ea73d"}
{"level":"info","message":"Delete Widget 5def0b4141267f3d325ea73d"}
{"level":"info","message":"Get all Widgets"}
{"level":"info","message":"Get all Widgets"}
{"level":"info","message":"Get all Widgets"}
{"level":"info","message":"Get all Widgets"}
{"level":"info","message":"Get all Widgets"}
{"level":"info","message":"Get all Widgets"}
{"level":"info","message":"Get all Widgets"}
{"level":"info","message":"Delete Widget 5def0b3041267f3d325ea737"}
{"level":"info","message":"Get all Widgets"}
{"level":"info","message":"Delete Widget 5def0b3041267f3d325ea737"}
{"level":"info","message":"Delete Widget 5def0b3041267f3d325ea737"}
{"level":"info","message":"Delete Widget 5def0b3041267f3d325ea737"}
{"level":"info","message":"Get all Widgets"}
{"level":"info","message":"Get all Widgets"}
{"level":"info","message":"Get all Widgets"}
{"level":"info","message":"Get all Widgets"}
{"level":"info","message":"Create Widget"}
{"level":"info","message":"Get all Widgets"}
{"level":"info","message":"Create Widget"}
{"level":"info","message":"Create Widget"}
{"level":"info","message":"Create Widget"}
{"level":"info","message":"Get all Widgets"}
{"level":"info","message":"Get all Widgets"}
{"level":"info","message":"Get all Widgets"}
{"level":"info","message":"Delete Widget 5def0b6841267f3d325ea73f"}
{"level":"info","message":"Get all Widgets"}
{"level":"info","message":"Delete Widget 5def0b6841267f3d325ea73f"}
{"level":"info","message":"Delete Widget 5def0b6841267f3d325ea73f"}
{"level":"info","message":"Delete Widget 5def0b6841267f3d325ea73f"}
{"level":"info","message":"Get all Widgets"}
{"level":"info","message":"Get all Widgets"}
{"level":"info","message":"Get all Widgets"}
{"level":"info","message":"Get all Widgets"}
{"level":"info","message":"Delete Widget 5def0b6841267f3d325ea740"}
{"level":"info","message":"Get all Widgets"}
{"level":"info","message":"Delete Widget 5def0b6841267f3d325ea741"}
{"level":"info","message":"Get all Widgets"}
{"level":"info","message":"Delete Widget 5def0b6841267f3d325ea742"}
{"level":"info","message":"Get all Widgets"}
{"level":"info","message":"Delete Widget 5def0b6841267f3d325ea742"}
{"level":"info","message":"Get all Widgets"}
{"level":"info","message":"Delete Widget 5def0b6841267f3d325ea742"}
{"level":"info","message":"Get all Widgets"}
{"level":"info","message":"Delete Widget 5def0b6841267f3d325ea740"}
{"level":"info","message":"Delete Widget 5def0b6841267f3d325ea740"}
{"level":"info","message":"Delete Widget 5def0b6841267f3d325ea740"}
{"level":"info","message":"Delete Widget 5def0b6841267f3d325ea740"}
{"level":"info","message":"Delete Widget 5def0b6841267f3d325ea740"}
{"level":"info","message":"Delete Widget 5def0b6841267f3d325ea740"}
{"level":"info","message":"Delete Widget 5def0b6841267f3d325ea740"}
{"level":"info","message":"Delete Widget 5def0b6841267f3d325ea740"}
{"level":"info","message":"Delete Widget 5def0b6841267f3d325ea740"}
{"level":"info","message":"Delete Widget 5def0b6841267f3d325ea740"}
{"level":"info","message":"Delete Widget 5def0b6841267f3d325ea740"}
{"level":"info","message":"Delete Widget 5def0b6841267f3d325ea740"}
{"level":"info","message":"Delete Widget 5def0b6841267f3d325ea740"}
{"level":"info","message":"Delete Widget 5def0b6841267f3d325ea740"}
{"level":"info","message":"Delete Widget 5def0b6841267f3d325ea740"}
{"level":"info","message":"Get all Widgets"}
{"level":"info","message":"Get all Widgets"}
{"level":"info","message":"Get all Widgets"}
{"level":"info","message":"Get all Widgets"}
{"level":"info","message":"Get all Widgets"}
{"level":"info","message":"Delete Widget 5def0b6841267f3d325ea742"}
{"level":"info","message":"Get all Widgets"}
{"level":"info","message":"Get all Widgets"}
{"level":"info","message":"Get all Widgets"}
{"level":"info","message":"Get all Widgets"}
{"level":"info","message":"Get all Widgets"}
{"level":"info","message":"Get all Widgets"}
{"level":"info","message":"Get all Widgets"}
{"level":"info","message":"Get all Widgets"}
{"level":"info","message":"Get all Widgets"}
{"level":"info","message":"Get all Widgets"}
{"level":"info","message":"Get all Widgets"}
{"level":"info","message":"Delete Widget 5def0b6841267f3d325ea740"}
{"level":"info","message":"Delete Widget 5def0b6841267f3d325ea740"}
{"level":"info","message":"Delete Widget 5def0b6841267f3d325ea740"}
{"level":"info","message":"Get all Widgets"}
{"level":"info","message":"Get all Widgets"}
{"level":"info","message":"Get all Widgets"}
{"level":"info","message":"Get all Widgets"}
{"level":"info","message":"Create Widget"}
{"level":"info","message":"Get all Widgets"}
{"level":"info","message":"Create Widget"}
{"level":"info","message":"Create Widget"}
{"level":"info","message":"Create Widget"}
{"level":"info","message":"Get all Widgets"}
{"level":"info","message":"Get all Widgets"}
{"level":"info","message":"Get all Widgets"}
{"level":"info","message":"Get all Widgets"}
{"level":"info","message":"Get all Widgets"}
{"level":"info","message":"Delete Widget 5def0ba241267f3d325ea743"}
{"level":"info","message":"Get all Widgets"}
{"level":"info","message":"Delete Widget 5def0ba341267f3d325ea744"}
{"level":"info","message":"Get all Widgets"}
{"level":"info","message":"Delete Widget 5def0ba341267f3d325ea745"}
{"level":"info","message":"Get all Widgets"}
{"level":"info","message":"Delete Widget 5def0ba241267f3d325ea743"}
{"level":"info","message":"Delete Widget 5def0ba241267f3d325ea743"}
{"level":"info","message":"Delete Widget 5def0ba241267f3d325ea743"}
{"level":"info","message":"Delete Widget 5def0ba241267f3d325ea743"}
{"level":"info","message":"Delete Widget 5def0ba241267f3d325ea743"}
{"level":"info","message":"Delete Widget 5def0ba241267f3d325ea743"}
{"level":"info","message":"Delete Widget 5def0ba241267f3d325ea743"}
{"level":"info","message":"Delete Widget 5def0ba241267f3d325ea743"}
{"level":"info","message":"Delete Widget 5def0ba241267f3d325ea743"}
{"level":"info","message":"Delete Widget 5def0ba341267f3d325ea746"}
{"level":"info","message":"Get all Widgets"}
{"level":"info","message":"Get all Widgets"}
{"level":"info","message":"Get all Widgets"}
{"level":"info","message":"Get all Widgets"}
{"level":"info","message":"Get all Widgets"}
{"level":"info","message":"Get all Widgets"}
{"level":"info","message":"Get all Widgets"}
{"level":"info","message":"Get all Widgets"}
{"level":"info","message":"Get all Widgets"}
{"level":"info","message":"Get all Widgets"}
{"level":"info","message":"Delete Widget 5def0ba341267f3d325ea746"}
{"level":"info","message":"Get all Widgets"}
{"level":"info","message":"Delete Widget 5def0ba241267f3d325ea743"}
{"level":"info","message":"Delete Widget 5def0ba241267f3d325ea743"}
{"level":"info","message":"Delete Widget 5def0ba241267f3d325ea743"}
{"level":"info","message":"Delete Widget 5def0ba241267f3d325ea743"}
{"level":"info","message":"Delete Widget 5def0ba241267f3d325ea743"}
{"level":"info","message":"Get all Widgets"}
{"level":"info","message":"Delete Widget 5def0ba241267f3d325ea743"}
{"level":"info","message":"Get all Widgets"}
{"level":"info","message":"Get all Widgets"}
{"level":"info","message":"Get all Widgets"}
{"level":"info","message":"Get all Widgets"}
{"level":"info","message":"Get all Widgets"}
{"level":"info","message":"Delete Widget 5def0ba341267f3d325ea746"}
{"level":"info","message":"Get all Widgets"}
{"level":"info","message":"Delete Widget 5def0ba241267f3d325ea743"}
{"level":"info","message":"Delete Widget 5def0ba241267f3d325ea743"}
{"level":"info","message":"Delete Widget 5def0ba241267f3d325ea743"}
{"level":"info","message":"Get all Widgets"}
{"level":"info","message":"Get all Widgets"}
{"level":"info","message":"Get all Widgets"}
{"level":"info","message":"Get all Widgets"}
{"level":"info","message":"Create Widget"}
{"level":"info","message":"Get all Widgets"}
{"level":"info","message":"Get all Widgets"}
{"level":"info","message":"Delete Widget 5def0bb541267f3d325ea747"}
{"level":"info","message":"Get all Widgets"}
{"level":"info","message":"Delete Widget 5def0ba241267f3d325ea743"}
{"level":"info","message":"Delete Widget 5def0ba241267f3d325ea743"}
{"level":"info","message":"Delete Widget 5def0ba241267f3d325ea743"}
{"level":"info","message":"Get all Widgets"}
{"level":"info","message":"Get all Widgets"}
{"level":"info","message":"Get all Widgets"}
{"level":"info","message":"Create Widget"}
{"level":"info","message":"Get all Widgets"}
{"level":"info","message":"Create Widget"}
{"level":"info","message":"Create Widget"}
{"level":"info","message":"Create Widget"}
{"level":"info","message":"Get all Widgets"}
{"level":"info","message":"Get all Widgets"}
{"level":"info","message":"Get all Widgets"}
{"level":"info","message":"Get all Widgets"}
{"level":"info","message":"Get all Widgets"}
{"level":"info","message":"Loading Mongoose functionality"}
{"level":"info","message":"Server starting"}
{"level":"info","message":"Mongoose connected to the database"}
{"level":"info","message":"Get all Widgets"}
{"level":"info","message":"Delete Widget 5def0be241267f3d325ea748"}
{"level":"info","message":"Get all Widgets"}
{"level":"info","message":"Delete Widget 5def0be241267f3d325ea749"}
{"level":"info","message":"Get all Widgets"}
{"level":"info","message":"Delete Widget 5def0be241267f3d325ea74a"}
{"level":"info","message":"Get all Widgets"}
{"level":"info","message":"Delete Widget 5def0be241267f3d325ea748"}
{"level":"info","message":"Delete Widget 5def0be241267f3d325ea748"}
{"level":"info","message":"Delete Widget 5def0be241267f3d325ea748"}
{"level":"info","message":"Delete Widget 5def0be241267f3d325ea748"}
{"level":"info","message":"Delete Widget 5def0be241267f3d325ea748"}
{"level":"info","message":"Delete Widget 5def0be241267f3d325ea748"}
{"level":"info","message":"Delete Widget 5def0be241267f3d325ea748"}
{"level":"info","message":"Delete Widget 5def0be241267f3d325ea748"}
{"level":"info","message":"Delete Widget 5def0be241267f3d325ea748"}
{"level":"info","message":"Delete Widget 5def0be241267f3d325ea74b"}
{"level":"info","message":"Get all Widgets"}
{"level":"info","message":"Get all Widgets"}
{"level":"info","message":"Get all Widgets"}
{"level":"info","message":"Get all Widgets"}
{"level":"info","message":"Get all Widgets"}
{"level":"info","message":"Delete Widget 5def0be241267f3d325ea74b"}
{"level":"info","message":"Get all Widgets"}
{"level":"info","message":"Get all Widgets"}
{"level":"info","message":"Get all Widgets"}
{"level":"info","message":"Get all Widgets"}
{"level":"info","message":"Get all Widgets"}
{"level":"info","message":"Get all Widgets"}
{"level":"info","message":"Delete Widget 5def0be241267f3d325ea74b"}
{"level":"info","message":"Get all Widgets"}
{"level":"info","message":"Delete Widget 5def0be241267f3d325ea748"}
{"level":"info","message":"Delete Widget 5def0be241267f3d325ea748"}
{"level":"info","message":"Delete Widget 5def0be241267f3d325ea748"}
{"level":"info","message":"Delete Widget 5def0be241267f3d325ea748"}
{"level":"info","message":"Delete Widget 5def0be241267f3d325ea748"}
{"level":"info","message":"Delete Widget 5def0be241267f3d325ea748"}
{"level":"info","message":"Delete Widget 5def0be241267f3d325ea748"}
{"level":"info","message":"Delete Widget 5def0be241267f3d325ea748"}
{"level":"info","message":"Delete Widget 5def0be241267f3d325ea748"}
{"level":"info","message":"Get all Widgets"}
{"level":"info","message":"Get all Widgets"}
{"level":"info","message":"Get all Widgets"}
{"level":"info","message":"Get all Widgets"}
{"level":"info","message":"Get all Widgets"}
{"level":"info","message":"Get all Widgets"}
{"level":"info","message":"Get all Widgets"}
{"level":"info","message":"Get all Widgets"}
{"level":"info","message":"Get all Widgets"}
{"level":"info","message":"Get all Widgets"}
{"level":"info","message":"Create Widget"}
{"level":"info","message":"Get all Widgets"}
{"level":"info","message":"Create Widget"}
{"level":"info","message":"Create Widget"}
{"level":"info","message":"Create Widget"}
{"level":"info","message":"Get all Widgets"}
{"level":"info","message":"Get all Widgets"}
{"level":"info","message":"Get all Widgets"}
{"level":"info","message":"Delete Widget 5def0d1239ed9e3ff80a5d64"}
{"level":"info","message":"Get all Widgets"}
{"level":"info","message":"Delete Widget 5def0d1239ed9e3ff80a5d64"}
{"level":"info","message":"Delete Widget 5def0d1239ed9e3ff80a5d64"}
{"level":"info","message":"Delete Widget 5def0d1239ed9e3ff80a5d64"}
{"level":"info","message":"Get all Widgets"}
{"level":"info","message":"Get all Widgets"}
{"level":"info","message":"Get all Widgets"}
{"level":"info","message":"Get all Widgets"}
{"level":"info","message":"Delete Widget 5def0d1239ed9e3ff80a5d65"}
{"level":"info","message":"Get all Widgets"}
{"level":"info","message":"Delete Widget 5def0d1239ed9e3ff80a5d66"}
{"level":"info","message":"Get all Widgets"}
{"level":"info","message":"Delete Widget 5def0d1239ed9e3ff80a5d67"}
{"level":"info","message":"Get all Widgets"}
{"level":"info","message":"Delete Widget 5def0d1239ed9e3ff80a5d67"}
{"level":"info","message":"Get all Widgets"}
{"level":"info","message":"Delete Widget 5def0d1239ed9e3ff80a5d67"}
{"level":"info","message":"Get all Widgets"}
{"level":"info","message":"Delete Widget 5def0d1239ed9e3ff80a5d67"}
{"level":"info","message":"Get all Widgets"}
{"level":"info","message":"Delete Widget 5def0d1239ed9e3ff80a5d67"}
{"level":"info","message":"Get all Widgets"}
{"level":"info","message":"Delete Widget 5def0d1239ed9e3ff80a5d67"}
{"level":"info","message":"Get all Widgets"}
{"level":"info","message":"Get all Widgets"}
{"level":"info","message":"Get all Widgets"}
{"level":"info","message":"Get all Widgets"}
{"level":"info","message":"Get all Widgets"}
{"level":"info","message":"Get all Widgets"}
{"level":"info","message":"Get all Widgets"}
{"level":"info","message":"Get all Widgets"}
{"level":"info","message":"Get all Widgets"}
{"level":"info","message":"Get all Widgets"}
{"level":"info","message":"Get all Widgets"}
{"level":"info","message":"Get all Widgets"}
{"level":"info","message":"Get all Widgets"}
