{"level":"info","message":"Loading Mongoose functionality"}
{"level":"info","message":"Server starting"}
{"level":"info","message":"Loading Mongoose functionality"}
{"level":"info","message":"Server starting"}
{"level":"info","message":"Mongoose connected to the database"}
{"level":"info","message":"Get all gadgets"}
{"level":"info","message":"Get gadget %s"}
{"level":"info","message":"Get gadget %s"}
{"level":"info","message":"Create gadget"}
{"level":"info","message":"Create gadget"}
{"level":"info","message":"Create gadget"}
{"level":"info","message":"Loading Mongoose functionality"}
{"level":"info","message":"Server starting"}
{"level":"info","message":"Mongoose connected to the database"}
{"level":"info","message":"Create gadget"}
{"level":"info","message":"Loading Mongoose functionality"}
{"level":"info","message":"Server starting"}
{"level":"info","message":"Mongoose connected to the database"}
{"level":"info","message":"Create gadget"}
{"level":"info","message":"Create gadget"}
{"level":"info","message":"Create gadget"}
{"level":"info","message":"Loading Mongoose functionality"}
{"level":"info","message":"Server starting"}
{"level":"info","message":"Mongoose connected to the database"}
{"level":"info","message":"Create gadget"}
{"level":"info","message":"Loading Mongoose functionality"}
{"level":"info","message":"Server starting"}
{"level":"info","message":"Mongoose connected to the database"}
{"level":"info","message":"Loading Mongoose functionality"}
{"level":"info","message":"Server starting"}
{"level":"info","message":"Mongoose connected to the database"}
{"level":"info","message":"Loading Mongoose functionality"}
{"level":"info","message":"Server starting"}
{"level":"info","message":"Mongoose connected to the database"}
{"level":"info","message":"Create gadget"}
{"level":"info","message":"Loading Mongoose functionality"}
{"level":"info","message":"Server starting"}
{"level":"info","message":"Mongoose connected to the database"}
{"level":"info","message":"Get all gadgets"}
{"level":"info","message":"Loading Mongoose functionality"}
{"level":"info","message":"Server starting"}
{"level":"info","message":"Mongoose connected to the database"}
